main=init,time.inclusive.duration=1813
main=body/init,time.inclusive.duration=114
main=body/loop,time.inclusive.duration=1214
iteration=0,main=body/loop,time.inclusive.duration=529
iteration=0,main=body/loop,time.inclusive.duration=215
iteration=1,main=body/loop,time.inclusive.duration=15
iteration=2,main=body/loop,time.inclusive.duration=15
iteration=2,main=body/loop,time.inclusive.duration=101
iteration=3,main=body/loop,time.inclusive.duration=15
iteration=3,main=body/loop,time.inclusive.duration=36
iteration=3,main=body/loop,time.inclusive.duration=37
iteration=4,main=body/loop,time.inclusive.duration=14
iteration=4,main=body/loop,time.inclusive.duration=36
iteration=4,main=body/loop,time.inclusive.duration=36
iteration=4,main=body/loop,time.inclusive.duration=36
iteration=0,main=body/loop,time.inclusive.duration=21
iteration=1,main=body/loop,time.inclusive.duration=14
iteration=2,main=body/loop,time.inclusive.duration=16
iteration=3,main=body/loop,time.inclusive.duration=14
iteration=4,main=body/loop,time.inclusive.duration=14
iteration=1,main=body/loop,time.inclusive.duration=69
iteration=2,main=body/loop,time.inclusive.duration=183
iteration=3,main=body/loop,time.inclusive.duration=164
iteration=4,main=body/loop,time.inclusive.duration=210
main=body/conclusion,time.inclusive.duration=37
