__rec=node,id=0,attr=9,data=usr
__rec=node,id=1,attr=9,data=int
__rec=node,id=2,attr=9,data=uint
__rec=node,id=3,attr=9,data=string
__rec=node,id=4,attr=9,data=addr
__rec=node,id=5,attr=9,data=double
__rec=node,id=6,attr=9,data=bool
__rec=node,id=7,attr=9,data=type
__rec=node,id=8,attr=8,data=cali.attribute.name,parent=3
__rec=node,id=9,attr=8,data=cali.attribute.type,parent=7
__rec=node,id=10,attr=8,data=cali.attribute.prop,parent=1
__rec=node,id=11,attr=10,data=12,parent=3
__rec=node,id=12,attr=8,data=cali.caliper.version,parent=11
__rec=node,id=13,attr=10,data=148,parent=0
__rec=node,id=14,attr=8,data=cali.key.attribute,parent=13
__rec=node,id=15,attr=10,data=213,parent=1
__rec=node,id=16,attr=8,data=cali.lvl.22,parent=15
__rec=node,id=17,attr=8,data=cali.lvl.38,parent=15
__rec=node,id=18,attr=10,data=84,parent=2
__rec=node,id=19,attr=8,data=cali.snapshot.event.attr.level,parent=18
__rec=node,id=20,attr=8,data=cali.snapshot.event.begin,parent=18
__rec=node,id=21,attr=8,data=cali.snapshot.event.end,parent=18
__rec=node,id=22,attr=8,data=cali.snapshot.event.set,parent=18
__rec=node,id=23,attr=10,data=84,parent=3
__rec=node,id=24,attr=8,data=event.begin#main,parent=23
__rec=node,id=25,attr=8,data=event.begin#time.unit,parent=23
__rec=node,id=26,attr=8,data=event.end#main,parent=23
__rec=node,id=27,attr=8,data=event.end#time.unit,parent=23
__rec=node,id=28,attr=8,data=event.set#main,parent=23
__rec=node,id=29,attr=8,data=event.set#time.unit,parent=23
__rec=node,id=30,attr=10,data=20,parent=3
__rec=node,id=31,attr=8,data=main,parent=30
__rec=node,id=32,attr=10,data=213,parent=2
__rec=node,id=33,attr=8,data=offs.38.1,parent=32
__rec=node,id=34,attr=22,data=usec,parent=2
__rec=node,id=35,attr=10,data=85,parent=34
__rec=node,id=36,attr=8,data=time.duration,parent=35
__rec=node,id=37,attr=8,data=time.inclusive.duration,parent=35
__rec=node,id=38,attr=10,data=213,parent=34
__rec=node,id=39,attr=8,data=time.offset,parent=38
__rec=node,id=40,attr=22,data=sec,parent=2
__rec=node,id=41,attr=10,data=77,parent=40
__rec=node,id=42,attr=8,data=time.timestamp,parent=41
__rec=node,id=43,attr=8,data=time.unit,parent=30
__rec=node,id=44,attr=8,data=offs.38.2,parent=32
__rec=node,id=45,attr=8,data=cali.lvl.60,parent=15
__rec=node,id=46,attr=10,data=84,parent=1
__rec=node,id=47,attr=8,data=event.begin#iteration,parent=46
__rec=node,id=48,attr=8,data=event.end#iteration,parent=46
__rec=node,id=49,attr=8,data=event.set#iteration,parent=46
__rec=node,id=50,attr=10,data=20,parent=1
__rec=node,id=51,attr=8,data=iteration,parent=50
__rec=node,id=52,attr=8,data=offs.60.1,parent=32
__rec=node,id=53,attr=8,data=cali.lvl.70,parent=15
__rec=node,id=54,attr=8,data=event.begin#factorial,parent=23
__rec=node,id=55,attr=8,data=event.end#factorial,parent=23
__rec=node,id=56,attr=8,data=event.set#factorial,parent=23
__rec=node,id=57,attr=8,data=factorial,parent=30
__rec=node,id=58,attr=8,data=offs.70.1,parent=32
__rec=node,id=59,attr=8,data=offs.70.2,parent=32
__rec=node,id=60,attr=19,data=1
__rec=node,id=61,attr=20,data=38,parent=60
__rec=node,id=62,attr=24,data=init,parent=61
__rec=node,id=63,attr=12,data=1.5.dev
__rec=ctx,ref=62=63
__rec=node,id=64,attr=22,data=38,parent=60
__rec=node,id=65,attr=28,data=body,parent=64
__rec=node,id=66,attr=31,data=init
__rec=ctx,ref=65=66=63,attr=37,data=1813
__rec=node,id=67,attr=19,data=2
__rec=node,id=68,attr=20,data=38,parent=67
__rec=node,id=69,attr=24,data=init,parent=68
__rec=node,id=70,attr=31,data=body
__rec=ctx,ref=69=70=63
__rec=node,id=71,attr=28,data=loop,parent=64
__rec=node,id=72,attr=31,data=init,parent=70
__rec=ctx,ref=71=72=63,attr=37,data=114
__rec=node,id=73,attr=22,data=60,parent=60
__rec=node,id=74,attr=49,data=0,parent=73
__rec=node,id=75,attr=31,data=loop,parent=70
__rec=ctx,ref=74=75=63
__rec=node,id=76,attr=20,data=70,parent=60
__rec=node,id=77,attr=54,data=init,parent=76
__rec=node,id=78,attr=51,data=0,parent=75
__rec=ctx,ref=77=78=63
__rec=node,id=79,attr=22,data=70,parent=60
__rec=node,id=80,attr=56,data=comp,parent=79
__rec=node,id=81,attr=57,data=init,parent=78
__rec=ctx,ref=80=81=63,attr=37,data=215
__rec=node,id=82,attr=21,data=70,parent=60
__rec=node,id=83,attr=55,data=comp,parent=82
__rec=node,id=84,attr=57,data=comp,parent=78
__rec=ctx,ref=83=84=63,attr=37,data=21
__rec=node,id=85,attr=49,data=1,parent=73
__rec=ctx,ref=85=78=63,attr=37,data=529
__rec=node,id=86,attr=51,data=1,parent=75
__rec=ctx,ref=77=86=63
__rec=node,id=87,attr=57,data=init,parent=86
__rec=ctx,ref=80=87=63,attr=37,data=15
__rec=node,id=88,attr=57,data=comp,parent=86
__rec=ctx,ref=83=88=63,attr=37,data=14
__rec=node,id=89,attr=49,data=2,parent=73
__rec=ctx,ref=89=86=63,attr=37,data=69
__rec=node,id=90,attr=51,data=2,parent=75
__rec=ctx,ref=77=90=63
__rec=node,id=91,attr=57,data=init,parent=90
__rec=ctx,ref=80=91=63,attr=37,data=15
__rec=node,id=92,attr=20,data=70,parent=67
__rec=node,id=93,attr=54,data=init,parent=92
__rec=node,id=94,attr=57,data=comp,parent=90
__rec=ctx,ref=93=94=63
__rec=node,id=95,attr=57,data=init,parent=94
__rec=ctx,ref=80=95=63,attr=37,data=101
__rec=node,id=96,attr=57,data=comp,parent=94
__rec=ctx,ref=83=96=63,attr=37,data=16
__rec=node,id=97,attr=19,data=0
__rec=node,id=98,attr=21,data=70,parent=97
__rec=node,id=99,attr=55,data=comp,parent=98
__rec=ctx,ref=99=94=63
__rec=node,id=100,attr=49,data=3,parent=73
__rec=ctx,ref=100=90=63,attr=37,data=183
__rec=node,id=101,attr=51,data=3,parent=75
__rec=ctx,ref=77=101=63
__rec=node,id=102,attr=57,data=init,parent=101
__rec=ctx,ref=80=102=63,attr=37,data=15
__rec=node,id=103,attr=57,data=comp,parent=101
__rec=ctx,ref=93=103=63
__rec=node,id=104,attr=57,data=init,parent=103
__rec=ctx,ref=80=104=63,attr=37,data=36
__rec=node,id=105,attr=57,data=comp,parent=103
__rec=ctx,ref=93=105=63
__rec=node,id=106,attr=57,data=init,parent=105
__rec=ctx,ref=80=106=63,attr=37,data=37
__rec=node,id=107,attr=57,data=comp,parent=105
__rec=ctx,ref=83=107=63,attr=37,data=14
__rec=ctx,ref=99=105=63
__rec=ctx,ref=99=103=63
__rec=node,id=108,attr=49,data=4,parent=73
__rec=ctx,ref=108=101=63,attr=37,data=164
__rec=node,id=109,attr=51,data=4,parent=75
__rec=ctx,ref=77=109=63
__rec=node,id=110,attr=57,data=init,parent=109
__rec=ctx,ref=80=110=63,attr=37,data=14
__rec=node,id=111,attr=57,data=comp,parent=109
__rec=ctx,ref=93=111=63
__rec=node,id=112,attr=57,data=init,parent=111
__rec=ctx,ref=80=112=63,attr=37,data=36
__rec=node,id=113,attr=57,data=comp,parent=111
__rec=ctx,ref=93=113=63
__rec=node,id=114,attr=57,data=init,parent=113
__rec=ctx,ref=80=114=63,attr=37,data=36
__rec=node,id=115,attr=57,data=comp,parent=113
__rec=ctx,ref=93=115=63
__rec=node,id=116,attr=57,data=init,parent=115
__rec=ctx,ref=80=116=63,attr=37,data=36
__rec=node,id=117,attr=57,data=comp,parent=115
__rec=ctx,ref=83=117=63,attr=37,data=14
__rec=ctx,ref=99=115=63
__rec=ctx,ref=99=113=63
__rec=ctx,ref=99=111=63
__rec=node,id=118,attr=21,data=60,parent=60
__rec=node,id=119,attr=48,data=4,parent=118
__rec=ctx,ref=119=109=63,attr=37,data=210
__rec=node,id=120,attr=28,data=conclusion,parent=64
__rec=ctx,ref=120=75=63,attr=37,data=1214
__rec=node,id=121,attr=21,data=38,parent=60
__rec=node,id=122,attr=26,data=conclusion,parent=121
__rec=node,id=123,attr=31,data=conclusion,parent=70
__rec=ctx,ref=122=123=63,attr=37,data=37
