event.begin#main=init,cali.snapshot.event.begin=38,cali.snapshot.event.attr.level=1,cali.caliper.version=1.5.dev
event.set#main=body,cali.snapshot.event.set=38,cali.snapshot.event.attr.level=1,main=init,cali.caliper.version=1.5.dev,time.inclusive.duration=1813
event.begin#main=init,cali.snapshot.event.begin=38,cali.snapshot.event.attr.level=2,main=body,cali.caliper.version=1.5.dev
event.set#main=loop,cali.snapshot.event.set=38,cali.snapshot.event.attr.level=1,main=body/init,cali.caliper.version=1.5.dev,time.inclusive.duration=114
event.set#iteration=0,cali.snapshot.event.set=60,cali.snapshot.event.attr.level=1,main=body/loop,cali.caliper.version=1.5.dev
event.begin#factorial=init,cali.snapshot.event.begin=70,cali.snapshot.event.attr.level=1,iteration=0,main=body/loop,cali.caliper.version=1.5.dev
event.set#factorial=comp,cali.snapshot.event.set=70,cali.snapshot.event.attr.level=1,factorial=init,iteration=0,main=body/loop,cali.caliper.version=1.5.dev,time.inclusive.duration=215
event.end#factorial=comp,cali.snapshot.event.end=70,cali.snapshot.event.attr.level=1,factorial=comp,iteration=0,main=body/loop,cali.caliper.version=1.5.dev,time.inclusive.duration=21
event.set#iteration=1,cali.snapshot.event.set=60,cali.snapshot.event.attr.level=1,iteration=0,main=body/loop,cali.caliper.version=1.5.dev,time.inclusive.duration=529
event.begin#factorial=init,cali.snapshot.event.begin=70,cali.snapshot.event.attr.level=1,iteration=1,main=body/loop,cali.caliper.version=1.5.dev
event.set#factorial=comp,cali.snapshot.event.set=70,cali.snapshot.event.attr.level=1,factorial=init,iteration=1,main=body/loop,cali.caliper.version=1.5.dev,time.inclusive.duration=15
event.end#factorial=comp,cali.snapshot.event.end=70,cali.snapshot.event.attr.level=1,factorial=comp,iteration=1,main=body/loop,cali.caliper.version=1.5.dev,time.inclusive.duration=14
event.set#iteration=2,cali.snapshot.event.set=60,cali.snapshot.event.attr.level=1,iteration=1,main=body/loop,cali.caliper.version=1.5.dev,time.inclusive.duration=69
event.begin#factorial=init,cali.snapshot.event.begin=70,cali.snapshot.event.attr.level=1,iteration=2,main=body/loop,cali.caliper.version=1.5.dev
event.set#factorial=comp,cali.snapshot.event.set=70,cali.snapshot.event.attr.level=1,factorial=init,iteration=2,main=body/loop,cali.caliper.version=1.5.dev,time.inclusive.duration=15
event.begin#factorial=init,cali.snapshot.event.begin=70,cali.snapshot.event.attr.level=2,factorial=comp,iteration=2,main=body/loop,cali.caliper.version=1.5.dev
event.set#factorial=comp,cali.snapshot.event.set=70,cali.snapshot.event.attr.level=1,factorial=comp/init,iteration=2,main=body/loop,cali.caliper.version=1.5.dev,time.inclusive.duration=101
event.end#factorial=comp,cali.snapshot.event.end=70,cali.snapshot.event.attr.level=1,factorial=comp/comp,iteration=2,main=body/loop,cali.caliper.version=1.5.dev,time.inclusive.duration=16
event.end#factorial=comp,cali.snapshot.event.end=70,cali.snapshot.event.attr.level=0,factorial=comp,iteration=2,main=body/loop,cali.caliper.version=1.5.dev
event.set#iteration=3,cali.snapshot.event.set=60,cali.snapshot.event.attr.level=1,iteration=2,main=body/loop,cali.caliper.version=1.5.dev,time.inclusive.duration=183
event.begin#factorial=init,cali.snapshot.event.begin=70,cali.snapshot.event.attr.level=1,iteration=3,main=body/loop,cali.caliper.version=1.5.dev
event.set#factorial=comp,cali.snapshot.event.set=70,cali.snapshot.event.attr.level=1,factorial=init,iteration=3,main=body/loop,cali.caliper.version=1.5.dev,time.inclusive.duration=15
event.begin#factorial=init,cali.snapshot.event.begin=70,cali.snapshot.event.attr.level=2,factorial=comp,iteration=3,main=body/loop,cali.caliper.version=1.5.dev
event.set#factorial=comp,cali.snapshot.event.set=70,cali.snapshot.event.attr.level=1,factorial=comp/init,iteration=3,main=body/loop,cali.caliper.version=1.5.dev,time.inclusive.duration=36
event.begin#factorial=init,cali.snapshot.event.begin=70,cali.snapshot.event.attr.level=2,factorial=comp/comp,iteration=3,main=body/loop,cali.caliper.version=1.5.dev
event.set#factorial=comp,cali.snapshot.event.set=70,cali.snapshot.event.attr.level=1,factorial=comp/comp/init,iteration=3,main=body/loop,cali.caliper.version=1.5.dev,time.inclusive.duration=37
event.end#factorial=comp,cali.snapshot.event.end=70,cali.snapshot.event.attr.level=1,factorial=comp/comp/comp,iteration=3,main=body/loop,cali.caliper.version=1.5.dev,time.inclusive.duration=14
event.end#factorial=comp,cali.snapshot.event.end=70,cali.snapshot.event.attr.level=0,factorial=comp/comp,iteration=3,main=body/loop,cali.caliper.version=1.5.dev
event.end#factorial=comp,cali.snapshot.event.end=70,cali.snapshot.event.attr.level=0,factorial=comp,iteration=3,main=body/loop,cali.caliper.version=1.5.dev
event.set#iteration=4,cali.snapshot.event.set=60,cali.snapshot.event.attr.level=1,iteration=3,main=body/loop,cali.caliper.version=1.5.dev,time.inclusive.duration=164
event.begin#factorial=init,cali.snapshot.event.begin=70,cali.snapshot.event.attr.level=1,iteration=4,main=body/loop,cali.caliper.version=1.5.dev
event.set#factorial=comp,cali.snapshot.event.set=70,cali.snapshot.event.attr.level=1,factorial=init,iteration=4,main=body/loop,cali.caliper.version=1.5.dev,time.inclusive.duration=14
event.begin#factorial=init,cali.snapshot.event.begin=70,cali.snapshot.event.attr.level=2,factorial=comp,iteration=4,main=body/loop,cali.caliper.version=1.5.dev
event.set#factorial=comp,cali.snapshot.event.set=70,cali.snapshot.event.attr.level=1,factorial=comp/init,iteration=4,main=body/loop,cali.caliper.version=1.5.dev,time.inclusive.duration=36
event.begin#factorial=init,cali.snapshot.event.begin=70,cali.snapshot.event.attr.level=2,factorial=comp/comp,iteration=4,main=body/loop,cali.caliper.version=1.5.dev
event.set#factorial=comp,cali.snapshot.event.set=70,cali.snapshot.event.attr.level=1,factorial=comp/comp/init,iteration=4,main=body/loop,cali.caliper.version=1.5.dev,time.inclusive.duration=36
event.begin#factorial=init,cali.snapshot.event.begin=70,cali.snapshot.event.attr.level=2,factorial=comp/comp/comp,iteration=4,main=body/loop,cali.caliper.version=1.5.dev
event.set#factorial=comp,cali.snapshot.event.set=70,cali.snapshot.event.attr.level=1,factorial=comp/comp/comp/init,iteration=4,main=body/loop,cali.caliper.version=1.5.dev,time.inclusive.duration=36
event.end#factorial=comp,cali.snapshot.event.end=70,cali.snapshot.event.attr.level=1,factorial=comp/comp/comp/comp,iteration=4,main=body/loop,cali.caliper.version=1.5.dev,time.inclusive.duration=14
event.end#factorial=comp,cali.snapshot.event.end=70,cali.snapshot.event.attr.level=0,factorial=comp/comp/comp,iteration=4,main=body/loop,cali.caliper.version=1.5.dev
event.end#factorial=comp,cali.snapshot.event.end=70,cali.snapshot.event.attr.level=0,factorial=comp/comp,iteration=4,main=body/loop,cali.caliper.version=1.5.dev
event.end#factorial=comp,cali.snapshot.event.end=70,cali.snapshot.event.attr.level=0,factorial=comp,iteration=4,main=body/loop,cali.caliper.version=1.5.dev
event.end#iteration=4,cali.snapshot.event.end=60,cali.snapshot.event.attr.level=1,iteration=4,main=body/loop,cali.caliper.version=1.5.dev,time.inclusive.duration=210
event.set#main=conclusion,cali.snapshot.event.set=38,cali.snapshot.event.attr.level=1,main=body/loop,cali.caliper.version=1.5.dev,time.inclusive.duration=1214
event.end#main=conclusion,cali.snapshot.event.end=38,cali.snapshot.event.attr.level=1,main=body/conclusion,cali.caliper.version=1.5.dev,time.inclusive.duration=37
