graph {
  0 [label=":usr"];
  1 [label=":int"];
  2 [label=":uint"];
  3 [label=":string"];
  4 [label=":addr"];
  5 [label=":double"];
  6 [label=":bool"];
  7 [label=":type"];
  8 [label=":cali.attribute.name"];
  3 -- 8;
  9 [label="cali.attribute.name:cali.attribute.type"];
  7 -- 9;
  10 [label="cali.attribute.name:cali.attribute.prop"];
  1 -- 10;
  11 [label="cali.attribute.prop:12"];
  3 -- 11;
  12 [label="cali.attribute.name:cali.caliper.version"];
  11 -- 12;
  13 [label="cali.attribute.prop:148"];
  0 -- 13;
  14 [label="cali.attribute.name:cali.key.attribute"];
  13 -- 14;
  15 [label="cali.attribute.prop:213"];
  1 -- 15;
  16 [label="cali.attribute.name:cali.lvl.22"];
  15 -- 16;
  17 [label="cali.attribute.name:cali.lvl.38"];
  15 -- 17;
  18 [label="cali.attribute.prop:84"];
  2 -- 18;
  19 [label="cali.attribute.name:cali.snapshot.event.attr.level"];
  18 -- 19;
  20 [label="cali.attribute.name:cali.snapshot.event.begin"];
  18 -- 20;
  21 [label="cali.attribute.name:cali.snapshot.event.end"];
  18 -- 21;
  22 [label="cali.attribute.name:cali.snapshot.event.set"];
  18 -- 22;
  23 [label="cali.attribute.prop:84"];
  3 -- 23;
  24 [label="cali.attribute.name:event.begin#main"];
  23 -- 24;
  25 [label="cali.attribute.name:event.begin#time.unit"];
  23 -- 25;
  26 [label="cali.attribute.name:event.end#main"];
  23 -- 26;
  27 [label="cali.attribute.name:event.end#time.unit"];
  23 -- 27;
  28 [label="cali.attribute.name:event.set#main"];
  23 -- 28;
  29 [label="cali.attribute.name:event.set#time.unit"];
  23 -- 29;
  30 [label="cali.attribute.prop:20"];
  3 -- 30;
  31 [label="cali.attribute.name:main"];
  30 -- 31;
  32 [label="cali.attribute.prop:213"];
  2 -- 32;
  33 [label="cali.attribute.name:offs.38.1"];
  32 -- 33;
  34 [label="cali.snapshot.event.set:usec"];
  2 -- 34;
  35 [label="cali.attribute.prop:85"];
  34 -- 35;
  36 [label="cali.attribute.name:time.duration"];
  35 -- 36;
  37 [label="cali.attribute.name:time.inclusive.duration"];
  35 -- 37;
  38 [label="cali.attribute.prop:213"];
  34 -- 38;
  39 [label="cali.attribute.name:time.offset"];
  38 -- 39;
  40 [label="cali.snapshot.event.set:sec"];
  2 -- 40;
  41 [label="cali.attribute.prop:77"];
  40 -- 41;
  42 [label="cali.attribute.name:time.timestamp"];
  41 -- 42;
  43 [label="cali.attribute.name:time.unit"];
  30 -- 43;
  44 [label="cali.attribute.name:offs.38.2"];
  32 -- 44;
  45 [label="cali.attribute.name:cali.lvl.60"];
  15 -- 45;
  46 [label="cali.attribute.prop:84"];
  1 -- 46;
  47 [label="cali.attribute.name:event.begin#iteration"];
  46 -- 47;
  48 [label="cali.attribute.name:event.end#iteration"];
  46 -- 48;
  49 [label="cali.attribute.name:event.set#iteration"];
  46 -- 49;
  50 [label="cali.attribute.prop:20"];
  1 -- 50;
  51 [label="cali.attribute.name:iteration"];
  50 -- 51;
  52 [label="cali.attribute.name:offs.60.1"];
  32 -- 52;
  53 [label="cali.attribute.name:cali.lvl.70"];
  15 -- 53;
  54 [label="cali.attribute.name:event.begin#factorial"];
  23 -- 54;
  55 [label="cali.attribute.name:event.end#factorial"];
  23 -- 55;
  56 [label="cali.attribute.name:event.set#factorial"];
  23 -- 56;
  57 [label="cali.attribute.name:factorial"];
  30 -- 57;
  58 [label="cali.attribute.name:offs.70.1"];
  32 -- 58;
  59 [label="cali.attribute.name:offs.70.2"];
  32 -- 59;
  60 [label="cali.snapshot.event.attr.level:1"];
  61 [label="cali.snapshot.event.begin:38"];
  60 -- 61;
  62 [label="event.begin#main:init"];
  61 -- 62;
  63 [label="cali.caliper.version:1.5.dev"];
  64 [label="cali.snapshot.event.set:38"];
  60 -- 64;
  65 [label="event.set#main:body"];
  64 -- 65;
  66 [label="main:init"];
  67 [label="cali.snapshot.event.attr.level:2"];
  68 [label="cali.snapshot.event.begin:38"];
  67 -- 68;
  69 [label="event.begin#main:init"];
  68 -- 69;
  70 [label="main:body"];
  71 [label="event.set#main:loop"];
  64 -- 71;
  72 [label="main:init"];
  70 -- 72;
  73 [label="cali.snapshot.event.set:60"];
  60 -- 73;
  74 [label="event.set#iteration:0"];
  73 -- 74;
  75 [label="main:loop"];
  70 -- 75;
  76 [label="cali.snapshot.event.begin:70"];
  60 -- 76;
  77 [label="event.begin#factorial:init"];
  76 -- 77;
  78 [label="iteration:0"];
  75 -- 78;
  79 [label="cali.snapshot.event.set:70"];
  60 -- 79;
  80 [label="event.set#factorial:comp"];
  79 -- 80;
  81 [label="factorial:init"];
  78 -- 81;
  82 [label="cali.snapshot.event.end:70"];
  60 -- 82;
  83 [label="event.end#factorial:comp"];
  82 -- 83;
  84 [label="factorial:comp"];
  78 -- 84;
  85 [label="event.set#iteration:1"];
  73 -- 85;
  86 [label="iteration:1"];
  75 -- 86;
  87 [label="factorial:init"];
  86 -- 87;
  88 [label="factorial:comp"];
  86 -- 88;
  89 [label="event.set#iteration:2"];
  73 -- 89;
  90 [label="iteration:2"];
  75 -- 90;
  91 [label="factorial:init"];
  90 -- 91;
  92 [label="cali.snapshot.event.begin:70"];
  67 -- 92;
  93 [label="event.begin#factorial:init"];
  92 -- 93;
  94 [label="factorial:comp"];
  90 -- 94;
  95 [label="factorial:init"];
  94 -- 95;
  96 [label="factorial:comp"];
  94 -- 96;
  97 [label="cali.snapshot.event.attr.level:0"];
  98 [label="cali.snapshot.event.end:70"];
  97 -- 98;
  99 [label="event.end#factorial:comp"];
  98 -- 99;
  100 [label="event.set#iteration:3"];
  73 -- 100;
  101 [label="iteration:3"];
  75 -- 101;
  102 [label="factorial:init"];
  101 -- 102;
  103 [label="factorial:comp"];
  101 -- 103;
  104 [label="factorial:init"];
  103 -- 104;
  105 [label="factorial:comp"];
  103 -- 105;
  106 [label="factorial:init"];
  105 -- 106;
  107 [label="factorial:comp"];
  105 -- 107;
  108 [label="event.set#iteration:4"];
  73 -- 108;
  109 [label="iteration:4"];
  75 -- 109;
  110 [label="factorial:init"];
  109 -- 110;
  111 [label="factorial:comp"];
  109 -- 111;
  112 [label="factorial:init"];
  111 -- 112;
  113 [label="factorial:comp"];
  111 -- 113;
  114 [label="factorial:init"];
  113 -- 114;
  115 [label="factorial:comp"];
  113 -- 115;
  116 [label="factorial:init"];
  115 -- 116;
  117 [label="factorial:comp"];
  115 -- 117;
  118 [label="cali.snapshot.event.end:60"];
  60 -- 118;
  119 [label="event.end#iteration:4"];
  118 -- 119;
  120 [label="event.set#main:conclusion"];
  64 -- 120;
  121 [label="cali.snapshot.event.end:38"];
  60 -- 121;
  122 [label="event.end#main:conclusion"];
  121 -- 122;
  123 [label="main:conclusion"];
  70 -- 123;
}
