factorial                 iteration                 main                      time.inclusive.duration    
                                                    init                      1813                       
                                                    body/init                 114                        
                                                    body/loop                 1214                       
                          0                         body/loop                 529                        
init                      0                         body/loop                 215                        
init                      1                         body/loop                 15                         
init                      2                         body/loop                 15                         
comp/init                 2                         body/loop                 101                        
init                      3                         body/loop                 15                         
comp/init                 3                         body/loop                 36                         
comp/comp/init            3                         body/loop                 37                         
init                      4                         body/loop                 14                         
comp/init                 4                         body/loop                 36                         
comp/comp/init            4                         body/loop                 36                         
comp/comp/comp/init       4                         body/loop                 36                         
comp                      0                         body/loop                 21                         
comp                      1                         body/loop                 14                         
comp/comp                 2                         body/loop                 16                         
comp/comp/comp            3                         body/loop                 14                         
comp/comp/comp/comp       4                         body/loop                 14                         
                          1                         body/loop                 69                         
                          2                         body/loop                 183                        
                          3                         body/loop                 164                        
                          4                         body/loop                 210                        
                                                    body/conclusion           37                         
